<?xml version="1.0" encoding="UTF-8"?>
<!-- Generated by org.testng.reporters.JUnitReportReporter -->
<testsuite hostname="LIN-BBYNBK3" failures="1" tests="1" name="MbTestRunner.MbRunner" time="15.830" errors="0" timestamp="2024-04-17T16:21:10 IST" skipped="0">
  <testcase classname="MbTestRunner.MbRunner" name="runScenario" time="15.830">
    <failure message="expected [Please provide valid contact number] but found [Compulsory field. Cannot be blank.]" type="java.lang.AssertionError">
      <![CDATA[java.lang.AssertionError: expected [Please provide valid contact number] but found [Compulsory field. Cannot be blank.]
at org.testng.Assert.fail(Assert.java:111)
at org.testng.Assert.failNotEquals(Assert.java:1578)
at org.testng.Assert.assertEqualsImpl(Assert.java:150)
at org.testng.Assert.assertEquals(Assert.java:132)
at org.testng.Assert.assertEquals(Assert.java:656)
at org.testng.Assert.assertEquals(Assert.java:666)
at MbStepDefinition.TestStep.it_should_give_an_error_message(TestStep.java:213)
at ✽.It should give an error message(file:///C:/Users/GNEELKAN/Desktop/Sprint2/Rent/src/text/resource/MbFeature/Rent.feature:49)
]]>
    </failure>
  </testcase> <!-- runScenario -->
</testsuite> <!-- MbTestRunner.MbRunner -->
